#
# A fatal error has been detected by the Java Runtime Environment:
#
#  EXCEPTION_ACCESS_VIOLATION (0xc0000005) at pc=0x0000000073172d85, pid=16260, tid=16148
#
# JRE version: 6.0_17-b04
# Java VM: Java HotSpot(TM) 64-Bit Server VM (14.3-b01 mixed mode windows-amd64 )
# Problematic frame:
# C  0x0000000073172d85
#
# If you would like to submit a bug report, please visit:
#   http://java.sun.com/webapps/bugreport/crash.jsp
# The crash happened outside the Java Virtual Machine in native code.
# See problematic frame for where to report the bug.
#

---------------  T H R E A D  ---------------

Current thread (0x000000005a092800):  JavaThread "AWT-EventQueue-0" [_thread_in_native, id=16148, stack(0x000000000fbc0000,0x000000000fc40000)]

siginfo: ExceptionCode=0xc0000005, reading address 0x00000000000003f8

Registers:
EAX=0x00000000000000fe, EBX=0x000000000fd00001, ECX=0x00000000000000fe, EDX=0x0000000000000000
ESP=0x000000000fc3dfc0, EBP=0x0000000000000003, ESI=0x00000000000002e1, EDI=0x0000000000000242
EIP=0x0000000073172d85, EFLAGS=0x0000000000010213

Top of Stack: (sp=0x000000000fc3dfc0)
0x000000000fc3dfc0:   00000000fffffff8 000000005a0db680
0x000000000fc3dfd0:   000000000f1f61d0 00000000732b6b58
0x000000000fc3dfe0:   000000005a0929b8 0000000073152261
0x000000000fc3dff0:   000000005a0929b8 0000000000000012
0x000000000fc3e000:   000000005a0929b8 000000005a0db680
0x000000000fc3e010:   000000000fc3e120 000000000fc3e080
0x000000000fc3e020:   00000000732b6b58 000000000fc3e070
0x000000000fc3e030:   0000001e00000008 00000260000002e9
0x000000000fc3e040:   0000001e00000008 00000260000002e9
0x000000000fc3e050:   0000000000000000 0000000000000000
0x000000000fc3e060:   0000000000000001 0000000000000000
0x000000000fc3e070:   000000002ee7f2c0 00000000344c32b8
0x000000000fc3e080:   0000001e00000008 00000260000002e9
0x000000000fc3e090:   000000000fcfa940 0000000100000000
0x000000000fc3e0a0:   00000000000002e4 0000000000000000
0x000000000fc3e0b0:   0000000000000000 0000000000000000 

Instructions: (pc=0x0000000073172d85)
0x0000000073172d75:   99 0f b6 d2 03 c2 c1 f8 08 41 83 c2 ff 0f b6 c8
0x0000000073172d85:   41 0f b6 04 8c 88 43 ff 75 b1 4d 03 cb 48 03 dd 


Stack: [0x000000000fbc0000,0x000000000fc40000],  sp=0x000000000fc3dfc0,  free space=503k
Native frames: (J=compiled Java code, j=interpreted, Vv=VM code, C=native code)
C  0x0000000073172d85

Java frames: (J=compiled Java code, j=interpreted, Vv=VM code)
j  sun.java2d.loops.Blit.Blit(Lsun/java2d/SurfaceData;Lsun/java2d/SurfaceData;Ljava/awt/Composite;Lsun/java2d/pipe/Region;IIIIII)V+0
j  sun.java2d.pipe.DrawImage.blitSurfaceData(Lsun/java2d/SunGraphics2D;Lsun/java2d/pipe/Region;Lsun/java2d/SurfaceData;Lsun/java2d/SurfaceData;Lsun/java2d/loops/SurfaceType;Lsun/java2d/loops/SurfaceType;IIIIIILjava/awt/Color;)V+97
j  sun.java2d.pipe.DrawImage.renderImageCopy(Lsun/java2d/SunGraphics2D;Ljava/awt/Image;Ljava/awt/Color;IIIIII)Z+75
j  sun.java2d.pipe.DrawImage.copyImage(Lsun/java2d/SunGraphics2D;Ljava/awt/Image;IILjava/awt/Color;)Z+45
j  sun.java2d.pipe.DrawImage.copyImage(Lsun/java2d/SunGraphics2D;Ljava/awt/Image;IILjava/awt/Color;Ljava/awt/image/ImageObserver;)Z+15
j  sun.java2d.pipe.ValidatePipe.copyImage(Lsun/java2d/SunGraphics2D;Ljava/awt/Image;IILjava/awt/Color;Ljava/awt/image/ImageObserver;)Z+21
j  sun.java2d.SunGraphics2D.drawImage(Ljava/awt/Image;IILjava/awt/Color;Ljava/awt/image/ImageObserver;)Z+18
j  sun.java2d.SunGraphics2D.drawImage(Ljava/awt/Image;IILjava/awt/image/ImageObserver;)Z+7
j  javax.swing.RepaintManager$PaintManager.paintDoubleBuffered(Ljavax/swing/JComponent;Ljava/awt/Image;Ljava/awt/Graphics;IIII)V+127
j  javax.swing.RepaintManager$PaintManager.paint(Ljavax/swing/JComponent;Ljavax/swing/JComponent;Ljava/awt/Graphics;IIII)Z+116
j  javax.swing.RepaintManager.paint(Ljavax/swing/JComponent;Ljavax/swing/JComponent;Ljava/awt/Graphics;IIII)V+52
j  javax.swing.JComponent.paint(Ljava/awt/Graphics;)V+225
j  java.awt.GraphicsCallback$PaintCallback.run(Ljava/awt/Component;Ljava/awt/Graphics;)V+2
j  sun.awt.SunGraphicsCallback.runOneComponent(Ljava/awt/Component;Ljava/awt/Rectangle;Ljava/awt/Graphics;Ljava/awt/Shape;I)V+155
j  sun.awt.SunGraphicsCallback.runComponents([Ljava/awt/Component;Ljava/awt/Graphics;I)V+104
j  java.awt.Container.paint(Ljava/awt/Graphics;)V+73
j  javax.swing.RepaintManager.paintDirtyRegions(Ljava/util/Map;)V+256
j  javax.swing.RepaintManager.paintDirtyRegions()V+46
j  javax.swing.RepaintManager.seqPaintDirtyRegions()V+73
j  javax.swing.SystemEventQueueUtilities$ComponentWorkRequest.run()V+36
j  java.awt.event.InvocationEvent.dispatch()V+47
j  java.awt.EventQueue.dispatchEvent(Ljava/awt/AWTEvent;)V+26
j  java.awt.EventDispatchThread.pumpOneEventForFilters(I)Z+204
j  java.awt.EventDispatchThread.pumpEventsForFilter(ILjava/awt/Conditional;Ljava/awt/EventFilter;)V+30
j  java.awt.EventDispatchThread.pumpEventsForHierarchy(ILjava/awt/Conditional;Ljava/awt/Component;)V+11
j  java.awt.EventDispatchThread.pumpEvents(ILjava/awt/Conditional;)V+4
j  java.awt.EventDispatchThread.pumpEvents(Ljava/awt/Conditional;)V+3
j  java.awt.EventDispatchThread.run()V+9
v  ~StubRoutines::call_stub

---------------  P R O C E S S  ---------------

Java Threads: ( => current thread )
  0x000000005a099800 JavaThread "Timer-9" daemon [_thread_blocked, id=15024, stack(0x000000005ecb0000,0x000000005ed30000)]
  0x000000005a098000 JavaThread "Explorer NavigationContext request queue" [_thread_blocked, id=9584, stack(0x0000000054e60000,0x0000000054ee0000)]
  0x000000005a096000 JavaThread "AddressBar directory emptiness poller" [_thread_blocked, id=4752, stack(0x0000000044800000,0x0000000044880000)]
  0x000000005a094800 JavaThread "Timer-1" [_thread_blocked, id=15376, stack(0x0000000050a00000,0x0000000050a80000)]
  0x000000005a093000 JavaThread "TimerQueue" daemon [_thread_blocked, id=14632, stack(0x0000000018f10000,0x0000000018f90000)]
=>0x000000005a092800 JavaThread "AWT-EventQueue-0" [_thread_in_native, id=16148, stack(0x000000000fbc0000,0x000000000fc40000)]
  0x000000005a091800 JavaThread "AWT-Shutdown" [_thread_blocked, id=9092, stack(0x000000000fe70000,0x000000000fef0000)]
  0x00000000599e9000 JavaThread "FelixPackageAdmin" daemon [_thread_blocked, id=10220, stack(0x0000000025180000,0x0000000025200000)]
  0x00000000599e8800 JavaThread "FelixStartLevel" daemon [_thread_blocked, id=16324, stack(0x00000000210a0000,0x0000000021120000)]
  0x0000000059551000 JavaThread "FelixDispatchQueue" daemon [_thread_blocked, id=6576, stack(0x000000000fd90000,0x000000000fe10000)]
  0x000000005a16e800 JavaThread "com.google.common.base.internal.Finalizer" daemon [_thread_blocked, id=15132, stack(0x000000000f770000,0x000000000f7f0000)]
  0x000000000f722800 JavaThread "AWT-Windows" daemon [_thread_in_native, id=7916, stack(0x000000000fc40000,0x000000000fcc0000)]
  0x000000000f71d000 JavaThread "Java2D Disposer" daemon [_thread_blocked, id=12584, stack(0x000000000fb10000,0x000000000fb90000)]
  0x000000000f729000 JavaThread "Timer-0" [_thread_blocked, id=15716, stack(0x0000000009100000,0x0000000009180000)]
  0x000000000f74d000 JavaThread "EventMgr Dispatcher" daemon [_thread_in_native, id=15304, stack(0x0000000010e60000,0x0000000014e60000)]
  0x000000000ecfb800 JavaThread "Low Memory Detector" daemon [_thread_blocked, id=15704, stack(0x0000000008bf0000,0x0000000008c70000)]
  0x000000000ecf7800 JavaThread "CompilerThread1" daemon [_thread_blocked, id=15544, stack(0x00000000881e0000,0x000000008c1e0000)]
  0x000000000ecaa800 JavaThread "CompilerThread0" daemon [_thread_blocked, id=14888, stack(0x00000000841a0000,0x00000000881a0000)]
  0x000000000ecaa000 JavaThread "Attach Listener" daemon [_thread_blocked, id=12940, stack(0x0000000008b00000,0x0000000008b80000)]
  0x000000000ec91000 JavaThread "Finalizer" daemon [_thread_blocked, id=10928, stack(0x000000000eed0000,0x000000000ef50000)]
  0x000000000ec88000 JavaThread "Reference Handler" daemon [_thread_blocked, id=14916, stack(0x000000000ea50000,0x000000000ead0000)]
  0x0000000005dcf800 JavaThread "main" [_thread_in_native, id=8436, stack(0x0000000000100000,0x0000000004100000)]

Other Threads:
  0x0000000005ece800 VMThread [stack: 0x0000000080000000,0x0000000084000000] [id=948]
  0x000000000ed11000 WatcherThread [stack: 0x000000008c2e0000,0x00000000902e0000] [id=14580]

VM state:not at safepoint (normal execution)

VM Mutex/Monitor currently owned by a thread: None

Heap
 PSYoungGen      total 14784K, used 10885K [0x000000003d5a0000, 0x000000003e5a0000, 0x00000000406a0000)
  eden space 13312K, 81% used [0x000000003d5a0000,0x000000003e031528,0x000000003e2a0000)
  from space 1472K, 4% used [0x000000003e2a0000,0x000000003e2b0000,0x000000003e410000)
  to   space 1408K, 0% used [0x000000003e440000,0x000000003e440000,0x000000003e5a0000)
 PSOldGen        total 67200K, used 49153K [0x00000000342a0000, 0x0000000038440000, 0x000000003d5a0000)
  object space 67200K, 73% used [0x00000000342a0000,0x00000000372a0438,0x0000000038440000)
 PSPermGen       total 110272K, used 56695K [0x000000002c2a0000, 0x0000000032e50000, 0x00000000342a0000)
  object space 110272K, 51% used [0x000000002c2a0000,0x000000002f9fdf38,0x0000000032e50000)

Dynamic libraries:
0x000000013f2f0000 - 0x000000013f322000 	C:\Program Files\MATLAB\R2012a\bin\win64\MATLAB.exe
0x0000000076d20000 - 0x0000000076ec9000 	C:\Windows\SYSTEM32\ntdll.dll
0x0000000076c00000 - 0x0000000076d1f000 	C:\Windows\system32\kernel32.dll
0x000007fefce90000 - 0x000007fefcefb000 	C:\Windows\system32\KERNELBASE.dll
0x0000000074460000 - 0x0000000074554000 	C:\Program Files\MATLAB\R2012a\bin\win64\libut.dll
0x00000000758a0000 - 0x0000000075952000 	C:\Program Files\MATLAB\R2012a\bin\win64\libmwi18n.dll
0x0000000180000000 - 0x000000018000b000 	C:\Program Files\MATLAB\R2012a\bin\win64\libmwresource_core.dll
0x00000000712d0000 - 0x00000000713a3000 	C:\Windows\WinSxS\amd64_microsoft.vc90.crt_1fc8b3b9a1e18e3b_9.0.30729.6161_none_08e61857a83bc251\MSVCP90.dll
0x0000000070a20000 - 0x0000000070ac3000 	C:\Windows\WinSxS\amd64_microsoft.vc90.crt_1fc8b3b9a1e18e3b_9.0.30729.6161_none_08e61857a83bc251\MSVCR90.dll
0x000000007a170000 - 0x000000007a19c000 	C:\Program Files\MATLAB\R2012a\bin\win64\boost_filesystem-vc90-mt-1_44.dll
0x000000007a560000 - 0x000000007a569000 	C:\Program Files\MATLAB\R2012a\bin\win64\boost_system-vc90-mt-1_44.dll
0x000007fefd3c0000 - 0x000007fefd49b000 	C:\Windows\system32\ADVAPI32.dll
0x000007fefef90000 - 0x000007feff02f000 	C:\Windows\system32\msvcrt.dll
0x000007fefeb00000 - 0x000007fefeb1f000 	C:\Windows\SYSTEM32\sechost.dll
0x000007fefd200000 - 0x000007fefd32d000 	C:\Windows\system32\RPCRT4.dll
0x000000007a010000 - 0x000000007a035000 	C:\Program Files\MATLAB\R2012a\bin\win64\LIBEXPAT.dll
0x000000005fd60000 - 0x000000005ff51000 	C:\Program Files\MATLAB\R2012a\bin\win64\icuin44.dll
0x000000006f990000 - 0x000000006fb01000 	C:\Program Files\MATLAB\R2012a\bin\win64\icuuc44.dll
0x0000000010000000 - 0x0000000010e41000 	C:\Program Files\MATLAB\R2012a\bin\win64\icudt44.dll
0x0000000073f70000 - 0x00000000740ad000 	C:\Program Files\MATLAB\R2012a\bin\win64\libmwfl.dll
0x0000000004340000 - 0x0000000004636000 	C:\Program Files\MATLAB\R2012a\bin\win64\libmwMATLAB_res.dll
0x000000007a3b0000 - 0x000000007a3c0000 	C:\Program Files\MATLAB\R2012a\bin\win64\boost_date_time-vc90-mt-1_44.dll
0x000000007a250000 - 0x000000007a263000 	C:\Program Files\MATLAB\R2012a\bin\win64\boost_signals-vc90-mt-1_44.dll
0x000000007a2d0000 - 0x000000007a2e2000 	C:\Program Files\MATLAB\R2012a\bin\win64\boost_thread-vc90-mt-1_44.dll
0x0000000004190000 - 0x00000000041d6000 	C:\Program Files\MATLAB\R2012a\bin\win64\tbb.dll
0x000007fefe570000 - 0x000007fefe589000 	C:\Windows\system32\imagehlp.dll
0x0000000076ee0000 - 0x0000000076ee7000 	C:\Windows\system32\PSAPI.DLL
0x0000000072a10000 - 0x0000000072a23000 	C:\Program Files\MATLAB\R2012a\bin\win64\icuio44.dll
0x000007fee99a0000 - 0x000007fee9ac5000 	C:\Windows\system32\dbghelp.dll
0x0000000076b00000 - 0x0000000076bfa000 	C:\Windows\system32\USER32.dll
0x000007fefd680000 - 0x000007fefd6e7000 	C:\Windows\system32\GDI32.dll
0x000007fefe590000 - 0x000007fefe59e000 	C:\Windows\system32\LPK.dll
0x000007fefed30000 - 0x000007fefedf9000 	C:\Windows\system32\USP10.dll
0x000000007bed0000 - 0x000000007c183000 	C:\Program Files\MATLAB\R2012a\bin\win64\libmwservices.dll
0x0000000075a20000 - 0x0000000075ae2000 	C:\Program Files\MATLAB\R2012a\bin\win64\libmx.dll
0x000000007a210000 - 0x000000007a228000 	C:\Program Files\MATLAB\R2012a\bin\win64\zlib1.dll
0x0000000004640000 - 0x0000000004661000 	C:\Program Files\MATLAB\R2012a\bin\win64\libmwmfl_scalar.dll
0x0000000075f10000 - 0x0000000075f5d000 	C:\Program Files\MATLAB\R2012a\bin\win64\mpath.dll
0x000000007b680000 - 0x000000007bbe1000 	C:\Program Files\MATLAB\R2012a\bin\win64\mlutil.dll
0x00000000711b0000 - 0x000000007122f000 	C:\Program Files\MATLAB\R2012a\bin\win64\xmlcore.dll
0x000000007bc30000 - 0x000000007be83000 	C:\Program Files\MATLAB\R2012a\bin\win64\xerces-c_2_7.dll
0x000007fefeab0000 - 0x000007fefeafd000 	C:\Windows\system32\WS2_32.dll
0x000007fefd6f0000 - 0x000007fefd6f8000 	C:\Windows\system32\NSI.dll
0x00000000046b0000 - 0x00000000046ca000 	C:\Program Files\MATLAB\R2012a\bin\win64\libmwMATLAB_settings_res.dll
0x00000000046e0000 - 0x0000000004727000 	C:\Program Files\MATLAB\R2012a\bin\win64\boost_serialization-vc90-mt-1_44.dll
0x000007fefd700000 - 0x000007fefe488000 	C:\Windows\system32\SHELL32.dll
0x000007fefee00000 - 0x000007fefee71000 	C:\Windows\system32\SHLWAPI.dll
0x000007fef9590000 - 0x000007fef9630000 	C:\Windows\WinSxS\amd64_microsoft.windows.common-controls_6595b64144ccf1df_5.82.7601.17514_none_a4d6a923711520a9\COMCTL32.dll
0x000007fefea10000 - 0x000007fefeaa7000 	C:\Windows\system32\COMDLG32.dll
0x000007fefa460000 - 0x000007fefa476000 	C:\Windows\system32\NETAPI32.dll
0x000007fefa450000 - 0x000007fefa45c000 	C:\Windows\system32\netutils.dll
0x000007fefc670000 - 0x000007fefc693000 	C:\Windows\system32\srvcli.dll
0x000007fefa430000 - 0x000007fefa445000 	C:\Windows\system32\wkscli.dll
0x000007fefeb20000 - 0x000007fefed23000 	C:\Windows\system32\ole32.dll
0x000007fefe490000 - 0x000007fefe567000 	C:\Windows\system32\OLEAUT32.dll
0x0000000074970000 - 0x0000000074b06000 	C:\Program Files\MATLAB\R2012a\bin\win64\mcr.dll
0x0000000075000000 - 0x000000007536b000 	C:\Program Files\MATLAB\R2012a\bin\win64\iqm.dll
0x00000000775b0000 - 0x0000000077dd1000 	C:\Program Files\MATLAB\R2012a\bin\win64\m_interpreter.dll
0x00000000729b0000 - 0x00000000729d5000 	C:\Program Files\MATLAB\R2012a\bin\win64\libmex.dll
0x0000000064d30000 - 0x0000000064de3000 	C:\Program Files\MATLAB\R2012a\bin\win64\m_dispatcher.dll
0x0000000074880000 - 0x000000007496d000 	C:\Program Files\MATLAB\R2012a\bin\win64\boost_regex-vc90-mt-1_44.dll
0x0000000060b10000 - 0x0000000060b94000 	C:\Program Files\MATLAB\R2012a\bin\win64\profiler.dll
0x00000000047b0000 - 0x0000000004a05000 	C:\Program Files\MATLAB\R2012a\bin\win64\libmwmathutil.dll
0x0000000079f40000 - 0x0000000079f6d000 	C:\Program Files\MATLAB\R2012a\bin\win64\libmwmathrng.dll
0x0000000074c10000 - 0x0000000074ced000 	C:\Program Files\MATLAB\R2012a\bin\win64\libmwmathcore.dll
0x0000000076160000 - 0x00000000761cb000 	C:\Program Files\MATLAB\R2012a\bin\win64\libmwspmatrix.dll
0x0000000075ea0000 - 0x0000000075f02000 	C:\Program Files\MATLAB\R2012a\bin\win64\libmwcholmod.dll
0x000000007a460000 - 0x000000007a46d000 	C:\Program Files\MATLAB\R2012a\bin\win64\libmwamd.dll
0x000000007a4b0000 - 0x000000007a4bc000 	C:\Program Files\MATLAB\R2012a\bin\win64\libmwcolamd.dll
0x00000000729f0000 - 0x0000000072a09000 	C:\Program Files\MATLAB\R2012a\bin\win64\libmwblas.dll
0x0000000072990000 - 0x00000000729a2000 	C:\Program Files\MATLAB\R2012a\bin\win64\libmwbinder.dll
0x0000000072e50000 - 0x0000000072e5b000 	C:\Program Files\MATLAB\R2012a\bin\win64\libmwompwrapper.dll
0x0000000060210000 - 0x0000000060296000 	C:\Program Files\MATLAB\R2012a\bin\win64\libmwlapack.dll
0x0000000070830000 - 0x0000000070851000 	C:\Program Files\MATLAB\R2012a\bin\win64\m_pcodeio.dll
0x0000000079b10000 - 0x0000000079b77000 	C:\Program Files\MATLAB\R2012a\bin\win64\m_ir.dll
0x000000005eed0000 - 0x000000005f520000 	C:\Program Files\MATLAB\R2012a\bin\win64\m_parser.dll
0x0000000072970000 - 0x000000007298a000 	C:\Program Files\MATLAB\R2012a\bin\win64\ir_xfmr.dll
0x000000005fae0000 - 0x000000005fd59000 	C:\Program Files\MATLAB\R2012a\bin\win64\mcos.dll
0x0000000072b60000 - 0x0000000072b6c000 	C:\Program Files\MATLAB\R2012a\bin\win64\mtok.dll
0x0000000064f80000 - 0x0000000064fb1000 	C:\Program Files\MATLAB\R2012a\bin\win64\m_pcodegen.dll
0x0000000079fb0000 - 0x0000000079fe7000 	C:\Program Files\MATLAB\R2012a\bin\win64\libmwbridge.dll
0x0000000060140000 - 0x0000000060208000 	C:\Program Files\MATLAB\R2012a\bin\win64\udd.dll
0x000000005b360000 - 0x000000005b4b2000 	C:\Program Files\MATLAB\R2012a\bin\win64\libmwgui.dll
0x000000006fb20000 - 0x000000006fb37000 	C:\Program Files\MATLAB\R2012a\bin\win64\graphics_util.dll
0x0000000004b70000 - 0x0000000005513000 	C:\Program Files\MATLAB\R2012a\bin\win64\hg.dll
0x0000000005530000 - 0x0000000005597000 	C:\Program Files\MATLAB\R2012a\bin\win64\libmat.dll
0x00000000055b0000 - 0x00000000057c4000 	C:\Program Files\MATLAB\R2012a\bin\win64\hdf5dll.dll
0x0000000075710000 - 0x00000000757c1000 	C:\Program Files\MATLAB\R2012a\bin\win64\jmi.dll
0x00000000057f0000 - 0x00000000057fe000 	C:\Program Files\MATLAB\R2012a\bin\win64\nativejava_services.dll
0x0000000064580000 - 0x00000000645c2000 	C:\Program Files\MATLAB\R2012a\bin\win64\libmwhardcopy.dll
0x000000005fa80000 - 0x000000005fada000 	C:\Program Files\MATLAB\R2012a\bin\win64\libuij.dll
0x000000005b150000 - 0x000000005b35c000 	C:\Program Files\MATLAB\R2012a\bin\win64\hgdatatypes.dll
0x000000005da30000 - 0x000000005db2d000 	C:\Program Files\MATLAB\R2012a\bin\win64\hgutils.dll
0x000000005ee10000 - 0x000000005eecd000 	C:\Program Files\MATLAB\R2012a\bin\win64\udd_mi.dll
0x0000000005860000 - 0x000000000589b000 	C:\Program Files\MATLAB\R2012a\bin\win64\libmwgbtutils.dll
0x00000000058b0000 - 0x00000000058c9000 	C:\Program Files\MATLAB\R2012a\bin\win64\libmwgbt.dll
0x00000000058e0000 - 0x0000000005baa000 	C:\Program Files\MATLAB\R2012a\bin\win64\uiw.dll
0x0000000071180000 - 0x000000007118f000 	C:\Program Files\MATLAB\R2012a\bin\win64\uinone.dll
0x000007fef5ee0000 - 0x000007fef5ef8000 	C:\Windows\system32\MPR.dll
0x0000000054f90000 - 0x0000000055474000 	C:\Windows\WinSxS\amd64_microsoft.vc90.mfc_1fc8b3b9a1e18e3b_9.0.30729.6161_none_044aad0bab1eb146\mfc90.dll
0x000007fef9f80000 - 0x000007fef9f87000 	C:\Windows\system32\MSIMG32.dll
0x000007fef9510000 - 0x000007fef9581000 	C:\Windows\system32\WINSPOOL.DRV
0x0000000064f60000 - 0x0000000064f80000 	C:\Program Files\MATLAB\R2012a\bin\win64\mwoles05.DLL
0x000000005fa00000 - 0x000000005fa7c000 	C:\Program Files\MATLAB\R2012a\bin\win64\comcli.dll
0x0000000072b20000 - 0x0000000072b4f000 	C:\Windows\WinSxS\amd64_microsoft.vc90.atl_1fc8b3b9a1e18e3b_9.0.30729.6161_none_0a1fd3a3a768b895\ATL90.DLL
0x0000000070c30000 - 0x0000000070c3c000 	C:\Program Files\MATLAB\R2012a\bin\win64\mlautoregister.dll
0x0000000005c00000 - 0x0000000005c10000 	C:\Program Files\MATLAB\R2012a\bin\win64\boost_iostreams-vc90-mt-1_44.dll
0x000007fefd330000 - 0x000007fefd35e000 	C:\Windows\system32\IMM32.DLL
0x000007fefee80000 - 0x000007fefef89000 	C:\Windows\system32\MSCTF.dll
0x000007fefb170000 - 0x000007fefb1c6000 	C:\Windows\system32\UxTheme.dll
0x000007fefad90000 - 0x000007fefada8000 	C:\Windows\system32\dwmapi.dll
0x00000000709f0000 - 0x00000000709f9000 	C:\Windows\WinSxS\amd64_microsoft.vc90.mfcloc_1fc8b3b9a1e18e3b_9.0.30729.6161_none_01c9581e60cbee58\MFC90CHS.DLL
0x0000000005d90000 - 0x0000000005db9000 	C:\Program Files\MATLAB\R2012a\bin\win64\tbbmalloc.dll
0x0000000078870000 - 0x0000000078ecd000 	C:\Program Files\MATLAB\R2012a\sys\java\jre\win64\jre\bin\server\jvm.dll
0x000007fefaba0000 - 0x000007fefabdb000 	C:\Windows\system32\WINMM.dll
0x000007fefcb00000 - 0x000007fefcb0f000 	C:\Windows\system32\profapi.dll
0x000007fefa840000 - 0x000007fefa867000 	C:\Windows\system32\iphlpapi.dll
0x000007fefa820000 - 0x000007fefa82b000 	C:\Windows\system32\WINNSI.DLL
0x000007fefc1f0000 - 0x000007fefc24b000 	C:\Windows\system32\DNSAPI.dll
0x000007fefa5b0000 - 0x000007fefa5c1000 	C:\Windows\system32\dhcpcsvc6.DLL
0x000007fefa590000 - 0x000007fefa5a8000 	C:\Windows\system32\dhcpcsvc.DLL
0x00000000705d0000 - 0x00000000705d3000 	C:\Windows\system32\icmp.Dll
0x000007fefca30000 - 0x000007fefca3f000 	C:\Windows\system32\CRYPTBASE.dll
0x000007fefcc70000 - 0x000007fefcca6000 	C:\Windows\system32\CFGMGR32.dll
0x000000007a440000 - 0x000000007a44e000 	C:\Program Files\MATLAB\R2012a\sys\java\jre\win64\jre\bin\verify.dll
0x000000007a070000 - 0x000000007a097000 	C:\Program Files\MATLAB\R2012a\sys\java\jre\win64\jre\bin\java.dll
0x000000007a540000 - 0x000000007a54a000 	C:\Program Files\MATLAB\R2012a\sys\java\jre\win64\jre\bin\hpi.dll
0x000000007a370000 - 0x000000007a382000 	C:\Program Files\MATLAB\R2012a\sys\java\jre\win64\jre\bin\zip.dll

VM Arguments:
jvm_args: -Xss512k -XX:PermSize=32m -Xms64m -XX:NewRatio=3 -XX:MaxPermSize=128m -Xmx196m -XX:MaxDirectMemorySize=2147400000 -Dsun.java2d.noddraw=true -Dsun.awt.nopixfmt=true -Xshare:off -Xrs -Dsun.awt.disableMixing=true -Djava.library.path=C:\Program Files\MATLAB\R2012a\bin\win64 vfprintf abort -Duser.language=en -Duser.country=US 
java_command: <unknown>
Launcher Type: generic

Environment Variables:
JAVA_HOME=C:\Program Files\Java\jdk1.7.0_07
CLASSPATH=.;C:\Program Files\Java\jdk1.7.0_07/lib/dt.jar;C:\Program Files\Java\jdk1.7.0_07/lib/tools.jar
USERNAME=purlin
OS=Windows_NT
PROCESSOR_IDENTIFIER=Intel64 Family 6 Model 58 Stepping 9, GenuineIntel



---------------  S Y S T E M  ---------------

OS: Windows 7 Build 7601 Service Pack 1

CPU:total 8 (8 cores per cpu, 2 threads per core) family 6 model 58 stepping 9, cmov, cx8, fxsr, mmx, sse, sse2, sse3, ssse3, sse4.1, sse4.2, ht

Memory: 4k page, physical 16724576k(8994564k free), swap 33447292k(24906256k free)

vm_info: Java HotSpot(TM) 64-Bit Server VM (14.3-b01) for windows-amd64 JRE (1.6.0_17-b04), built on Oct 11 2009 00:46:08 by "java_re" with MS VC++ 8.0

time: Mon May 27 21:05:41 2013
elapsed time: 4803 seconds

